[30.08.2015]Имя:WorkOrder.vshost.exe
Политики контекста отсутствуют.
 (System.ArgumentOutOfRangeException: Значение '101' недопустимо для 'Value'. 'Value' должно лежать в диапазоне от 'minimum' до 'maximum'.
Имя параметра: Value
   в System.Windows.Forms.ProgressBar.set_Value(Int32 value)
   в WorkOrder.FrmRunLoad.onRewrite() в i:\WorkOrder\WorkOrder\FrmRunLoad.cs:строка 24
   в WorkOrder.FrmRunLoad.timer1_Tick(Object sender, EventArgs e) в i:\WorkOrder\WorkOrder\FrmRunLoad.cs:строка 31
   в System.Windows.Forms.Timer.OnTick(EventArgs e)
   в System.Windows.Forms.Timer.TimerNativeWindow.WndProc(Message& m)
   в System.Windows.Forms.NativeWindow.DebuggableCallback(IntPtr hWnd, Int32 msg, IntPtr wparam, IntPtr lparam)
   в System.Windows.Forms.UnsafeNativeMethods.DispatchMessageW(MSG& msg)
   в System.Windows.Forms.Application.ComponentManager.System.Windows.Forms.UnsafeNativeMethods.IMsoComponentManager.FPushMessageLoop(IntPtr dwComponentID, Int32 reason, Int32 pvLoopData)
   в System.Windows.Forms.Application.ThreadContext.RunMessageLoopInner(Int32 reason, ApplicationContext context)
   в System.Windows.Forms.Application.ThreadContext.RunMessageLoop(Int32 reason, ApplicationContext context)
   в System.Windows.Forms.Application.Run(Form mainForm)
   в WorkOrder.Program.Main() в i:\WorkOrder\WorkOrder\Program.cs:строка 42
   в System.AppDomain._nExecuteAssembly(RuntimeAssembly assembly, String[] args)
   в System.AppDomain.ExecuteAssembly(String assemblyFile, Evidence assemblySecurity, String[] args)
   в Microsoft.VisualStudio.HostingProcess.HostProc.RunUsersAssembly()
   в System.Threading.ThreadHelper.ThreadStart_Context(Object state)
   в System.Threading.ExecutionContext.RunInternal(ExecutionContext executionContext, ContextCallback callback, Object state, Boolean preserveSyncCtx)
   в System.Threading.ExecutionContext.Run(ExecutionContext executionContext, ContextCallback callback, Object state, Boolean preserveSyncCtx)
   в System.Threading.ExecutionContext.Run(ExecutionContext executionContext, ContextCallback callback, Object state)
   в System.Threading.ThreadHelper.ThreadStart())
[30.08.2015]Имя:WorkOrder.vshost.exe
Политики контекста отсутствуют.
 (System.NullReferenceException: Ссылка на объект не указывает на экземпляр объекта.
   в WorkOrder.Form1.arhivebtn_Click(Object sender, EventArgs e) в i:\WorkOrder\WorkOrder\Form1.cs:строка 433
   в System.Windows.Forms.Control.OnClick(EventArgs e)
   в System.Windows.Forms.Button.OnClick(EventArgs e)
   в System.Windows.Forms.Button.OnMouseUp(MouseEventArgs mevent)
   в System.Windows.Forms.Control.WmMouseUp(Message& m, MouseButtons button, Int32 clicks)
   в System.Windows.Forms.Control.WndProc(Message& m)
   в System.Windows.Forms.ButtonBase.WndProc(Message& m)
   в System.Windows.Forms.Button.WndProc(Message& m)
   в System.Windows.Forms.Control.ControlNativeWindow.OnMessage(Message& m)
   в System.Windows.Forms.Control.ControlNativeWindow.WndProc(Message& m)
   в System.Windows.Forms.NativeWindow.DebuggableCallback(IntPtr hWnd, Int32 msg, IntPtr wparam, IntPtr lparam)
   в System.Windows.Forms.UnsafeNativeMethods.DispatchMessageW(MSG& msg)
   в System.Windows.Forms.Application.ComponentManager.System.Windows.Forms.UnsafeNativeMethods.IMsoComponentManager.FPushMessageLoop(IntPtr dwComponentID, Int32 reason, Int32 pvLoopData)
   в System.Windows.Forms.Application.ThreadContext.RunMessageLoopInner(Int32 reason, ApplicationContext context)
   в System.Windows.Forms.Application.ThreadContext.RunMessageLoop(Int32 reason, ApplicationContext context)
   в System.Windows.Forms.Application.Run(Form mainForm)
   в WorkOrder.Program.Main() в i:\WorkOrder\WorkOrder\Program.cs:строка 43
   в System.AppDomain._nExecuteAssembly(RuntimeAssembly assembly, String[] args)
   в System.AppDomain.ExecuteAssembly(String assemblyFile, Evidence assemblySecurity, String[] args)
   в Microsoft.VisualStudio.HostingProcess.HostProc.RunUsersAssembly()
   в System.Threading.ThreadHelper.ThreadStart_Context(Object state)
   в System.Threading.ExecutionContext.RunInternal(ExecutionContext executionContext, ContextCallback callback, Object state, Boolean preserveSyncCtx)
   в System.Threading.ExecutionContext.Run(ExecutionContext executionContext, ContextCallback callback, Object state, Boolean preserveSyncCtx)
   в System.Threading.ExecutionContext.Run(ExecutionContext executionContext, ContextCallback callback, Object state)
   в System.Threading.ThreadHelper.ThreadStart())
[11.07.2019]Имя:WorkOrder.exe
Политики контекста отсутствуют.
 (System.ArgumentException: Data Source cannot be empty.  Use :memory: to open an in-memory database
   в System.Data.SQLite.SQLiteConnection.Open()
   в oalib_v2.EmpS_v2.Load() в G:\Work\workorder\oalib_v2\EmpS_v2.cs:строка 119
   в WorkOrder.Form1.LoadAndRefresh() в G:\Work\workorder\WorkOrder\Form1.cs:строка 154
   в WorkOrder.Form1..ctor() в G:\Work\workorder\WorkOrder\Form1.cs:строка 113
   в WorkOrder.Program.Main() в G:\Work\workorder\WorkOrder\Program.cs:строка 43)
