[30.08.2015]Error ListOrder_v2 of: Попытка десериализации пустого потока.
[30.08.2015]Error Emps_v2 of :Попытка десериализации пустого потока.
[30.08.2015]Error ListOrder_v2 of: Попытка десериализации пустого потока.
[30.08.2015]Error ListOrder_v2 of: Попытка десериализации пустого потока.
[30.08.2015]Error ListOrder_v2 of: Попытка десериализации пустого потока.
[30.08.2015]Out of Excel Адресат вызова создал исключение.
[30.08.2015]Out of Excel Адресат вызова создал исключение.
[30.08.2015]Out of Excel Адресат вызова создал исключение.
[30.08.2015]Out of Excel Адресат вызова создал исключение.
[30.08.2015]Имя:WorkOrder.vshost.exe
Политики контекста отсутствуют.
 (System.ArgumentOutOfRangeException: Индекс за пределами диапазона. Индекс должен быть положительным числом, а его размер не должен превышать размер коллекции.
Имя параметра: index
   в System.ThrowHelper.ThrowArgumentOutOfRangeException(ExceptionArgument argument, ExceptionResource resource)
   в System.Collections.Generic.List`1.get_Item(Int32 index)
   в WorkOrder.FrmEmploy.listBox1_SelectedIndexChanged(Object sender, EventArgs e) в i:\WorkOrder\WorkOrder\FrmEmploy.cs:строка 55
   в System.Windows.Forms.ListBox.OnSelectedIndexChanged(EventArgs e)
   в System.Windows.Forms.ListBox.WmReflectCommand(Message& m)
   в System.Windows.Forms.ListBox.WndProc(Message& m)
   в System.Windows.Forms.Control.ControlNativeWindow.OnMessage(Message& m)
   в System.Windows.Forms.Control.ControlNativeWindow.WndProc(Message& m)
   в System.Windows.Forms.NativeWindow.DebuggableCallback(IntPtr hWnd, Int32 msg, IntPtr wparam, IntPtr lparam)
   в System.Windows.Forms.UnsafeNativeMethods.SendMessage(HandleRef hWnd, Int32 msg, IntPtr wParam, IntPtr lParam)
   в System.Windows.Forms.Control.SendMessage(Int32 msg, IntPtr wparam, IntPtr lparam)
   в System.Windows.Forms.Control.ReflectMessageInternal(IntPtr hWnd, Message& m)
   в System.Windows.Forms.Control.WmCommand(Message& m)
   в System.Windows.Forms.Control.WndProc(Message& m)
   в System.Windows.Forms.ScrollableControl.WndProc(Message& m)
   в System.Windows.Forms.Form.WndProc(Message& m)
   в System.Windows.Forms.Control.ControlNativeWindow.OnMessage(Message& m)
   в System.Windows.Forms.Control.ControlNativeWindow.WndProc(Message& m)
   в System.Windows.Forms.NativeWindow.DebuggableCallback(IntPtr hWnd, Int32 msg, IntPtr wparam, IntPtr lparam)
   в System.Windows.Forms.UnsafeNativeMethods.CallWindowProc(IntPtr wndProc, IntPtr hWnd, Int32 msg, IntPtr wParam, IntPtr lParam)
   в System.Windows.Forms.NativeWindow.DefWndProc(Message& m)
   в System.Windows.Forms.Control.DefWndProc(Message& m)
   в System.Windows.Forms.Control.WmMouseUp(Message& m, MouseButtons button, Int32 clicks)
   в System.Windows.Forms.Control.WndProc(Message& m)
   в System.Windows.Forms.ListBox.WndProc(Message& m)
   в System.Windows.Forms.Control.ControlNativeWindow.OnMessage(Message& m)
   в System.Windows.Forms.Control.ControlNativeWindow.WndProc(Message& m)
   в System.Windows.Forms.NativeWindow.DebuggableCallback(IntPtr hWnd, Int32 msg, IntPtr wparam, IntPtr lparam)
   в System.Windows.Forms.UnsafeNativeMethods.DispatchMessageW(MSG& msg)
   в System.Windows.Forms.Application.ComponentManager.System.Windows.Forms.UnsafeNativeMethods.IMsoComponentManager.FPushMessageLoop(IntPtr dwComponentID, Int32 reason, Int32 pvLoopData)
   в System.Windows.Forms.Application.ThreadContext.RunMessageLoopInner(Int32 reason, ApplicationContext context)
   в System.Windows.Forms.Application.ThreadContext.RunMessageLoop(Int32 reason, ApplicationContext context)
   в System.Windows.Forms.Application.RunDialog(Form form)
   в System.Windows.Forms.Form.ShowDialog(IWin32Window owner)
   в System.Windows.Forms.Form.ShowDialog()
   в WorkOrder.Form1.gOrderbtn_Click(Object sender, EventArgs e) в i:\WorkOrder\WorkOrder\Form1.cs:строка 270
   в System.Windows.Forms.Control.OnClick(EventArgs e)
   в System.Windows.Forms.Button.OnClick(EventArgs e)
   в System.Windows.Forms.Button.OnMouseUp(MouseEventArgs mevent)
   в System.Windows.Forms.Control.WmMouseUp(Message& m, MouseButtons button, Int32 clicks)
   в System.Windows.Forms.Control.WndProc(Message& m)
   в System.Windows.Forms.ButtonBase.WndProc(Message& m)
   в System.Windows.Forms.Button.WndProc(Message& m)
   в System.Windows.Forms.Control.ControlNativeWindow.OnMessage(Message& m)
   в System.Windows.Forms.Control.ControlNativeWindow.WndProc(Message& m)
   в System.Windows.Forms.NativeWindow.DebuggableCallback(IntPtr hWnd, Int32 msg, IntPtr wparam, IntPtr lparam)
   в System.Windows.Forms.UnsafeNativeMethods.DispatchMessageW(MSG& msg)
   в System.Windows.Forms.Application.ComponentManager.System.Windows.Forms.UnsafeNativeMethods.IMsoComponentManager.FPushMessageLoop(IntPtr dwComponentID, Int32 reason, Int32 pvLoopData)
   в System.Windows.Forms.Application.ThreadContext.RunMessageLoopInner(Int32 reason, ApplicationContext context)
   в System.Windows.Forms.Application.ThreadContext.RunMessageLoop(Int32 reason, ApplicationContext context)
   в System.Windows.Forms.Application.Run(Form mainForm)
   в WorkOrder.Program.Main() в i:\WorkOrder\WorkOrder\Program.cs:строка 43
   в System.AppDomain._nExecuteAssembly(RuntimeAssembly assembly, String[] args)
   в System.AppDomain.ExecuteAssembly(String assemblyFile, Evidence assemblySecurity, String[] args)
   в Microsoft.VisualStudio.HostingProcess.HostProc.RunUsersAssembly()
   в System.Threading.ThreadHelper.ThreadStart_Context(Object state)
   в System.Threading.ExecutionContext.RunInternal(ExecutionContext executionContext, ContextCallback callback, Object state, Boolean preserveSyncCtx)
   в System.Threading.ExecutionContext.Run(ExecutionContext executionContext, ContextCallback callback, Object state, Boolean preserveSyncCtx)
   в System.Threading.ExecutionContext.Run(ExecutionContext executionContext, ContextCallback callback, Object state)
   в System.Threading.ThreadHelper.ThreadStart())
